TN:
SF:src/PartnerUtilityManager.sol
FN:36,PartnerUtilityManager.
FNDA:0,PartnerUtilityManager.
DA:43,0
DA:44,0
DA:46,0
DA:47,0
DA:48,0
FN:56,PartnerUtilityManager.forfeitMultiple
FNDA:200002,PartnerUtilityManager.forfeitMultiple
DA:57,200002
DA:58,200002
DA:59,200002
DA:60,200002
FN:64,PartnerUtilityManager.forfeitMultipleAmounts
FNDA:1,PartnerUtilityManager.forfeitMultipleAmounts
DA:69,1
DA:70,1
DA:71,1
DA:72,1
FN:76,PartnerUtilityManager.forfeitWeight
FNDA:1,PartnerUtilityManager.forfeitWeight
DA:77,200005
DA:80,200005
DA:83,200005
BRDA:83,0,0,200005
DA:84,200005
FN:89,PartnerUtilityManager.forfeitBoost
FNDA:1,PartnerUtilityManager.forfeitBoost
DA:90,1
DA:93,1
DA:96,1
BRDA:96,1,0,1
DA:97,1
FN:102,PartnerUtilityManager.forfeitGovernance
FNDA:1,PartnerUtilityManager.forfeitGovernance
DA:103,200005
DA:106,200005
DA:109,200005
BRDA:109,2,0,200005
DA:110,200005
FN:115,PartnerUtilityManager.forfeitPartnerGovernance
FNDA:0,PartnerUtilityManager.forfeitPartnerGovernance
DA:116,200004
DA:118,200004
FN:122,PartnerUtilityManager.claimMultiple
FNDA:5,PartnerUtilityManager.claimMultiple
DA:123,5
DA:124,5
DA:125,5
DA:126,5
FN:130,PartnerUtilityManager.claimMultipleAmounts
FNDA:1,PartnerUtilityManager.claimMultipleAmounts
DA:135,1
DA:136,1
DA:137,1
DA:138,1
FN:142,PartnerUtilityManager.claimWeight
FNDA:5,PartnerUtilityManager.claimWeight
DA:143,300014
DA:145,300014
BRDA:145,3,0,1
DA:146,1
DA:149,300014
FN:153,PartnerUtilityManager.claimBoost
FNDA:2,PartnerUtilityManager.claimBoost
DA:154,3
DA:156,3
BRDA:156,4,0,-
DA:158,3
FN:162,PartnerUtilityManager.claimGovernance
FNDA:3,PartnerUtilityManager.claimGovernance
DA:163,300012
DA:165,300012
BRDA:165,5,0,1
DA:166,1
DA:169,300012
FN:173,PartnerUtilityManager.claimPartnerGovernance
FNDA:1,PartnerUtilityManager.claimPartnerGovernance
DA:174,300010
DA:175,300009
DA:176,300009
DA:178,300009
FNF:13
FNH:11
LF:50
LH:45
BRF:6
BRH:5
end_of_record
TN:
SF:src/VoteMaia.sol
FN:44,VoteMaia.
FNDA:0,VoteMaia.
DA:55,0
FN:63,VoteMaia.forfeitBoost
FNDA:0,VoteMaia.forfeitBoost
FN:69,VoteMaia.claimOutstanding
FNDA:300002,VoteMaia.claimOutstanding
DA:71,300002
DA:74,300002
DA:75,300002
DA:76,300002
FN:80,VoteMaia.forfeitOutstanding
FNDA:1,VoteMaia.forfeitOutstanding
DA:81,1
DA:82,1
DA:83,1
FN:91,VoteMaia.claimBoost
FNDA:0,VoteMaia.claimBoost
FN:97,VoteMaia._checkIfWithdrawalIsAllowed
FNDA:4,VoteMaia._checkIfWithdrawalIsAllowed
DA:99,4
DA:101,4
DA:102,4
DA:104,4
DA:105,4
FN:110,VoteMaia.maxWithdraw
FNDA:2,VoteMaia.maxWithdraw
DA:111,2
FN:116,VoteMaia.maxRedeem
FNDA:2,VoteMaia.maxRedeem
DA:117,2
FN:129,VoteMaia.beforeWithdraw
FNDA:13,VoteMaia.beforeWithdraw
DA:131,13
DA:133,4
DA:134,4
BRDA:134,3,0,1
DA:136,3
DA:137,3
BRDA:137,4,0,1
DA:139,2
DA:140,2
FNF:9
FNH:6
LF:22
LH:21
BRF:2
BRH:2
end_of_record
TN:
SF:src/factories/PartnerManagerFactory.sol
FN:36,PartnerManagerFactory.
FNDA:0,PartnerManagerFactory.
DA:37,0
DA:38,0
DA:39,0
DA:40,0
FN:44,PartnerManagerFactory.renounceOwnership
FNDA:1,PartnerManagerFactory.renounceOwnership
DA:45,1
FN:49,PartnerManagerFactory.getPartners
FNDA:4,PartnerManagerFactory.getPartners
DA:50,4
FN:54,PartnerManagerFactory.getVaults
FNDA:8,PartnerManagerFactory.getVaults
DA:55,8
FN:63,PartnerManagerFactory.addPartner
FNDA:32,PartnerManagerFactory.addPartner
DA:64,32
BRDA:64,0,0,-
DA:65,32
DA:66,32
DA:67,32
DA:69,32
FN:73,PartnerManagerFactory.addVault
FNDA:64,PartnerManagerFactory.addVault
DA:74,64
BRDA:74,1,0,-
DA:75,64
DA:76,64
DA:77,64
DA:79,64
FN:87,PartnerManagerFactory.removePartner
FNDA:1,PartnerManagerFactory.removePartner
DA:88,1
BRDA:88,2,0,-
DA:89,1
DA:90,1
DA:92,1
FN:96,PartnerManagerFactory.removeVault
FNDA:2,PartnerManagerFactory.removeVault
DA:97,2
BRDA:97,3,0,-
DA:98,2
DA:99,2
DA:101,2
FNF:8
FNH:7
LF:25
LH:21
BRF:4
BRH:0
end_of_record
TN:
SF:src/libraries/DateTimeLib.sol
FN:35,DateTimeLib.getMonth
FNDA:8,DateTimeLib.getMonth
DA:36,8
DA:39,8
DA:40,8
DA:41,8
DA:42,8
DA:43,8
DA:44,8
FN:50,DateTimeLib.isTuesday
FNDA:7,DateTimeLib.isTuesday
DA:52,7
DA:53,7
DA:54,7
FNF:2
FNH:2
LF:10
LH:10
BRF:0
BRH:0
end_of_record
TN:
SF:src/tokens/ERC4626PartnerManager.sol
FN:52,ERC4626PartnerManager.
FNDA:0,ERC4626PartnerManager.
DA:75,0
DA:76,0
DA:77,0
DA:78,0
FN:86,ERC4626PartnerManager.updateUnderlyingBalance
FNDA:8,ERC4626PartnerManager.updateUnderlyingBalance
DA:87,8
FN:91,ERC4626PartnerManager.claimOutstanding
FNDA:1,ERC4626PartnerManager.claimOutstanding
DA:93,1
DA:96,1
DA:97,1
DA:98,1
DA:99,1
FN:109,ERC4626PartnerManager.totalAssets
FNDA:2,ERC4626PartnerManager.totalAssets
DA:110,2
FN:117,ERC4626PartnerManager.convertToShares
FNDA:2,ERC4626PartnerManager.convertToShares
DA:118,2
FN:125,ERC4626PartnerManager.convertToAssets
FNDA:2,ERC4626PartnerManager.convertToAssets
DA:126,2
FN:133,ERC4626PartnerManager.previewDeposit
FNDA:1,ERC4626PartnerManager.previewDeposit
DA:134,400054
FN:140,ERC4626PartnerManager.previewMint
FNDA:1,ERC4626PartnerManager.previewMint
DA:141,1
FN:147,ERC4626PartnerManager.previewWithdraw
FNDA:1,ERC4626PartnerManager.previewWithdraw
DA:148,15
FN:155,ERC4626PartnerManager.previewRedeem
FNDA:1,ERC4626PartnerManager.previewRedeem
DA:156,1
FN:165,ERC4626PartnerManager.maxDeposit
FNDA:3,ERC4626PartnerManager.maxDeposit
DA:166,3
FN:171,ERC4626PartnerManager.maxMint
FNDA:1,ERC4626PartnerManager.maxMint
DA:172,400053
FN:177,ERC4626PartnerManager.maxWithdraw
FNDA:2,ERC4626PartnerManager.maxWithdraw
DA:178,2
DA:180,2
BRDA:180,0,0,-
DA:181,2
BRDA:181,1,0,-
DA:182,2
BRDA:182,2,0,-
DA:183,2
BRDA:183,3,0,-
DA:185,2
FN:190,ERC4626PartnerManager.maxRedeem
FNDA:1,ERC4626PartnerManager.maxRedeem
DA:191,1
DA:193,1
BRDA:193,4,0,-
DA:194,1
BRDA:194,5,0,-
DA:195,1
BRDA:195,6,0,-
DA:196,1
BRDA:196,7,0,-
DA:198,1
FN:206,ERC4626PartnerManager.migratePartnerVault
FNDA:7,ERC4626PartnerManager.migratePartnerVault
DA:207,6
BRDA:207,8,0,4
DA:208,4
BRDA:208,9,0,1
DA:211,5
DA:212,5
BRDA:212,10,0,5
DA:213,5
DA:215,5
DA:216,5
BRDA:216,11,0,1
DA:217,4
BRDA:217,12,0,-
DA:218,4
BRDA:218,13,0,-
DA:220,4
BRDA:220,14,0,4
DA:221,4
DA:222,4
DA:223,4
DA:226,4
BRDA:226,15,0,2
DA:227,2
DA:228,2
DA:229,2
DA:231,2
DA:234,4
DA:236,4
FN:244,ERC4626PartnerManager.increaseConversionRate
FNDA:100003,ERC4626PartnerManager.increaseConversionRate
DA:245,100002
DA:246,100002
BRDA:246,16,0,54414
DA:248,45588
DA:249,45588
BRDA:249,17,0,44858
DA:250,44858
DA:253,730
DA:255,730
DA:257,730
FN:269,ERC4626PartnerManager._mint
FNDA:400052,ERC4626PartnerManager._mint
DA:270,400052
BRDA:270,18,0,-
DA:271,400052
DA:273,400052
DA:274,400052
FN:283,ERC4626PartnerManager._burn
FNDA:12,ERC4626PartnerManager._burn
DA:284,12
DA:285,12
FN:293,ERC4626PartnerManager.transfer
FNDA:200001,ERC4626PartnerManager.transfer
DA:300,200001
FN:309,ERC4626PartnerManager.transferFrom
FNDA:1,ERC4626PartnerManager.transferFrom
DA:316,1
FN:324,ERC4626PartnerManager.checkWeight
FNDA:300014,ERC4626PartnerManager.checkWeight
DA:325,300014
BRDA:325,19,0,-
DA:326,0
FN:332,ERC4626PartnerManager.checkBoost
FNDA:3,ERC4626PartnerManager.checkBoost
DA:333,3
BRDA:333,20,0,-
DA:334,0
FN:340,ERC4626PartnerManager.checkGovernance
FNDA:300012,ERC4626PartnerManager.checkGovernance
DA:341,300012
BRDA:341,21,0,-
DA:342,0
FN:348,ERC4626PartnerManager.checkPartnerGovernance
FNDA:300010,ERC4626PartnerManager.checkPartnerGovernance
DA:349,300010
BRDA:349,22,0,-
DA:350,0
FN:355,ERC4626PartnerManager.checkTransfer
FNDA:1,ERC4626PartnerManager.checkTransfer
DA:356,1
DA:359,1
DA:360,1
DA:361,0
BRDA:361,23,0,-
FNF:25
FNH:24
LF:79
LH:70
BRF:24
BRH:8
end_of_record
TN:
SF:src/tokens/Maia.sol
FN:41,Maia.
FNDA:0,Maia.
DA:42,0
FN:55,Maia.mint
FNDA:600019,Maia.mint
DA:56,500019
FNF:2
FNH:1
LF:2
LH:1
BRF:0
BRH:0
end_of_record
TN:
SF:src/tokens/vMaiaVotes.sol
FN:19,vMaiaVotes.
FNDA:0,vMaiaVotes.
DA:20,0
DA:21,0
FN:25,vMaiaVotes.mint
FNDA:400782,vMaiaVotes.mint
DA:26,400782
FN:34,vMaiaVotes.burn
FNDA:12,vMaiaVotes.burn
DA:35,12
FN:38,vMaiaVotes.onlyvMaia
FNDA:400782,vMaiaVotes.onlyvMaia
DA:39,400782
BRDA:39,0,0,-
FNF:4
FNH:3
LF:5
LH:3
BRF:1
BRH:0
end_of_record
TN:
SF:src/vesting/VestingBurntHermes.sol
FN:24,VestingBurntHermes.
FNDA:0,VestingBurntHermes.
DA:25,0
DA:26,0
DA:27,0
DA:28,0
DA:29,0
DA:31,0
DA:32,0
DA:33,0
FN:40,VestingBurntHermes.claim
FNDA:300001,VestingBurntHermes.claim
DA:41,300001
DA:43,300001
DA:44,300001
DA:45,300001
DA:47,300001
FN:57,VestingBurntHermes.forfeit
FNDA:300001,VestingBurntHermes.forfeit
DA:58,300001
BRDA:58,0,0,1
DA:60,300000
DA:62,200000
DA:63,200000
DA:64,200000
DA:66,200000
DA:68,200000
FNF:3
FNH:2
LF:20
LH:12
BRF:1
BRH:1
end_of_record
TN:
SF:src/vesting/VestingVoteMaia.sol
FN:26,VestingVoteMaia.
FNDA:0,VestingVoteMaia.
DA:27,0
DA:28,0
DA:29,0
DA:30,0
DA:31,0
DA:33,0
DA:34,0
DA:35,0
FN:42,VestingVoteMaia.claim
FNDA:300001,VestingVoteMaia.claim
DA:43,300001
DA:45,300001
DA:46,300001
DA:47,300001
DA:49,300001
FN:59,VestingVoteMaia.forfeit
FNDA:300001,VestingVoteMaia.forfeit
DA:60,300001
BRDA:60,0,0,1
DA:63,300000
DA:65,300000
DA:67,200000
DA:68,200000
DA:69,200000
DA:71,200000
DA:73,200000
FNF:3
FNH:2
LF:21
LH:13
BRF:1
BRH:1
end_of_record
TN:
SF:test/mock/MockERC4626PartnerManager.t.sol
FN:13,MockERC4626PartnerManager.
FNDA:0,MockERC4626PartnerManager.
FNF:1
FNH:0
LF:0
LH:0
BRF:0
BRH:0
end_of_record
TN:
SF:test/mock/MockVault.t.sol
FN:14,MockVault.
FNDA:0,MockVault.
DA:15,0
FN:18,MockVault.setPartner
FNDA:92,MockVault.setPartner
DA:19,92
FN:22,MockVault.applyWeight
FNDA:200005,MockVault.applyWeight
DA:23,200011
DA:24,200011
FN:27,MockVault.applyBoost
FNDA:1,MockVault.applyBoost
DA:28,7
DA:29,7
FN:32,MockVault.applyGovernance
FNDA:200005,MockVault.applyGovernance
DA:33,200011
DA:34,200011
FN:37,MockVault.applyAll
FNDA:6,MockVault.applyAll
DA:38,6
DA:39,6
DA:40,6
FN:43,MockVault.clearWeight
FNDA:1,MockVault.clearWeight
DA:44,5
FN:47,MockVault.clearBoost
FNDA:0,MockVault.clearBoost
DA:48,4
FN:51,MockVault.clearGovernance
FNDA:1,MockVault.clearGovernance
DA:52,5
FN:55,MockVault.clearAll
FNDA:4,MockVault.clearAll
DA:56,4
DA:57,4
DA:58,4
FN:63,EvilMockVault.
FNDA:0,EvilMockVault.
FN:66,EvilMockVault.clearAll
FNDA:1,EvilMockVault.clearAll
FNF:12
FNH:9
LF:17
LH:16
BRF:0
BRH:0
end_of_record
